2025-09-06 07:08:41 [INFORMATION] === MovieFinder Program.cs: Main starting ===
2025-09-06 07:08:41 [INFORMATION] Starting application
2025-09-06 07:08:41 [INFORMATION] IsScannerConnected: Attempting to find USB device with Vendor ID: 0x28E9 and Product ID: 0x3DA...
2025-09-06 07:08:41 [INFORMATION] Device found. Attempting to open device...
2025-09-06 07:08:41 [INFORMATION] Successfully opened USB device.
2025-09-06 07:08:41 [INFORMATION] GetScannerStatus: CONNECTED
2025-09-06 07:08:41 [INFORMATION] Looking for device: CONNECTED
2025-09-06 07:08:41 [INFORMATION] IsScannerConnected: Attempting to find USB device with Vendor ID: 0x28E9 and Product ID: 0x3DA...
2025-09-06 07:08:41 [INFORMATION] Device found. Attempting to open device...
2025-09-06 07:08:41 [INFORMATION] Successfully opened USB device.
2025-09-06 07:08:41 [INFORMATION] Enter UsbDeviceInfo
2025-09-06 07:08:41 [INFORMATION] FOUND - SN: V1.0-9c6d
2025-09-06 07:08:41 [INFORMATION] Attempting to start barcode reading...
2025-09-06 07:08:41 [INFORMATION] Started listening for barcodes on thread 1.
2025-09-06 07:08:41 [INFORMATION] Entering ReadBarcodesLoop.
2025-09-06 07:08:41 [INFORMATION] Attempting to open endpoint reader...
2025-09-06 07:08:41 [INFORMATION] Endpoint reader opened successfully.
2025-09-06 07:08:41 [INFORMATION] Barcode reading loop started.
2025-09-06 07:08:41 [INFORMATION] Attempting to read from USB device...
2025-09-06 07:08:41 [INFORMATION] USB Read Error: MonoApiError
2025-09-06 07:08:41 [INFORMATION] Exiting barcode reading loop due to error.
2025-09-06 07:08:41 [INFORMATION] Barcode reading loop stopped.
2025-09-06 07:08:48 [INFORMATION] Sending shutdown signal to barcode reader thread 1.
2025-09-06 07:08:48 [INFORMATION] Barcode reader thread 1 has gracefully shut down.
2025-09-06 07:08:48 [INFORMATION] === MovieFinder Program.cs: Main completed successfully ===
2025-09-06 07:18:33 [INFORMATION] === MovieFinder Program.cs: Main starting ===
2025-09-06 07:18:33 [INFORMATION] Starting application
2025-09-06 07:18:33 [INFORMATION] IsScannerConnected: Attempting to find USB device with Vendor ID: 0x28E9 and Product ID: 0x3DA...
2025-09-06 07:18:33 [INFORMATION] Device found. Attempting to open device...
2025-09-06 07:18:33 [INFORMATION] Successfully opened USB device.
2025-09-06 07:18:33 [INFORMATION] GetScannerStatus: CONNECTED
2025-09-06 07:18:33 [INFORMATION] Looking for device: CONNECTED
2025-09-06 07:18:33 [INFORMATION] IsScannerConnected: Attempting to find USB device with Vendor ID: 0x28E9 and Product ID: 0x3DA...
2025-09-06 07:18:33 [INFORMATION] Device found. Attempting to open device...
2025-09-06 07:18:33 [INFORMATION] Successfully opened USB device.
2025-09-06 07:18:33 [INFORMATION] Enter UsbDeviceInfo
2025-09-06 07:18:33 [INFORMATION] FOUND - SN: V1.0-9c6d
2025-09-06 07:18:33 [INFORMATION] Attempting to start barcode reading...
2025-09-06 07:18:33 [INFORMATION] Started listening for barcodes on thread 1.
2025-09-06 07:18:33 [INFORMATION] Entering ReadBarcodesLoop.
2025-09-06 07:18:33 [INFORMATION] Attempting to open endpoint reader...
2025-09-06 07:18:33 [INFORMATION] Endpoint reader opened successfully.
2025-09-06 07:18:33 [INFORMATION] Barcode reading loop started.
2025-09-06 07:18:33 [INFORMATION] Attempting to read from USB device...
2025-09-06 07:18:33 [INFORMATION] USB Read Error: MonoApiError
2025-09-06 07:18:33 [INFORMATION] Exiting barcode reading loop due to error.
2025-09-06 07:18:33 [INFORMATION] Barcode reading loop stopped.
2025-09-06 07:18:48 [INFORMATION] IsScannerConnected: Attempting to find USB device with Vendor ID: 0x28E9 and Product ID: 0x3DA...
2025-09-06 07:18:48 [INFORMATION] Device found. Attempting to open device...
2025-09-06 07:18:48 [INFORMATION] Successfully opened USB device.
2025-09-06 07:18:48 [INFORMATION] GetScannerStatus: CONNECTED
2025-09-06 07:18:48 [INFORMATION] IsScannerConnected: Attempting to find USB device with Vendor ID: 0x28E9 and Product ID: 0x3DA...
2025-09-06 07:18:48 [INFORMATION] Device found. Attempting to open device...
2025-09-06 07:18:48 [INFORMATION] Successfully opened USB device.
2025-09-06 07:18:48 [INFORMATION] Enter UsbDeviceInfo
2025-09-06 07:18:48 [INFORMATION] Debug Window Initialized.
2025-09-06 07:19:07 [INFORMATION] Sending shutdown signal to barcode reader thread 1.
2025-09-06 07:19:07 [INFORMATION] Barcode reader thread 1 has gracefully shut down.
2025-09-06 07:19:07 [INFORMATION] === MovieFinder Program.cs: Main completed successfully ===
2025-09-06 07:20:11 [INFORMATION] === MovieFinder Program.cs: Main starting ===
2025-09-06 07:20:11 [INFORMATION] Starting application
2025-09-06 07:20:11 [INFORMATION] IsScannerConnected: Attempting to find USB device with Vendor ID: 0x28E9 and Product ID: 0x3DA...
2025-09-06 07:20:11 [INFORMATION] Device found. Attempting to open device...
2025-09-06 07:20:11 [INFORMATION] Successfully opened USB device.
2025-09-06 07:20:11 [INFORMATION] GetScannerStatus: CONNECTED
2025-09-06 07:20:11 [INFORMATION] Looking for device: CONNECTED
2025-09-06 07:20:11 [INFORMATION] IsScannerConnected: Attempting to find USB device with Vendor ID: 0x28E9 and Product ID: 0x3DA...
2025-09-06 07:20:11 [INFORMATION] Device found. Attempting to open device...
2025-09-06 07:20:11 [INFORMATION] Successfully opened USB device.
2025-09-06 07:20:11 [INFORMATION] Enter UsbDeviceInfo
2025-09-06 07:20:11 [INFORMATION] FOUND - SN: V1.0-9c6d
2025-09-06 07:20:11 [INFORMATION] Attempting to start barcode reading...
2025-09-06 07:20:11 [INFORMATION] Started listening for barcodes on thread 1.
2025-09-06 07:20:11 [INFORMATION] Entering ReadBarcodesLoop.
2025-09-06 07:20:11 [INFORMATION] Attempting to open endpoint reader...
2025-09-06 07:20:11 [INFORMATION] Endpoint reader opened successfully.
2025-09-06 07:20:11 [INFORMATION] Barcode reading loop started.
2025-09-06 07:20:11 [INFORMATION] Attempting to read from USB device...
2025-09-06 07:20:11 [INFORMATION] USB Read Error: MonoApiError
2025-09-06 07:20:11 [INFORMATION] Exiting barcode reading loop due to error.
2025-09-06 07:20:11 [INFORMATION] Barcode reading loop stopped.
2025-09-06 07:22:48 [INFORMATION] === MovieFinder Program.cs: Main starting ===
2025-09-06 07:22:48 [INFORMATION] Starting application
2025-09-06 07:22:48 [INFORMATION] IsScannerConnected: Attempting to find USB device with Vendor ID: 0x28E9 and Product ID: 0x3DA...
2025-09-06 07:22:48 [INFORMATION] Device found. Attempting to open device...
2025-09-06 07:22:48 [INFORMATION] Successfully opened USB device.
2025-09-06 07:22:48 [INFORMATION] GetScannerStatus: CONNECTED
2025-09-06 07:22:48 [INFORMATION] Looking for device: CONNECTED
2025-09-06 07:22:48 [INFORMATION] IsScannerConnected: Attempting to find USB device with Vendor ID: 0x28E9 and Product ID: 0x3DA...
2025-09-06 07:22:48 [INFORMATION] Device found. Attempting to open device...
2025-09-06 07:22:48 [INFORMATION] Successfully opened USB device.
2025-09-06 07:22:48 [INFORMATION] Enter UsbDeviceInfo
2025-09-06 07:22:48 [INFORMATION] FOUND - SN: V1.0-9c6d
2025-09-06 07:22:48 [INFORMATION] Attempting to start barcode reading...
2025-09-06 07:22:48 [INFORMATION] Started listening for barcodes on thread 1.
2025-09-06 07:22:48 [INFORMATION] Entering ReadBarcodesLoop.
2025-09-06 07:22:48 [INFORMATION] Attempting to open endpoint reader...
2025-09-06 07:22:48 [INFORMATION] Endpoint reader opened successfully.
2025-09-06 07:22:48 [INFORMATION] Barcode reading loop started.
2025-09-06 07:22:48 [INFORMATION] Attempting to read from USB device...
2025-09-06 07:22:48 [INFORMATION] USB Read Error: MonoApiError
2025-09-06 07:22:48 [INFORMATION] Exiting barcode reading loop due to error.
2025-09-06 07:22:48 [INFORMATION] Barcode reading loop stopped.
2025-09-06 07:23:49 [INFORMATION] IsScannerConnected: Attempting to find USB device with Vendor ID: 0x28E9 and Product ID: 0x3DA...
2025-09-06 07:23:49 [INFORMATION] Device found. Attempting to open device...
2025-09-06 07:23:49 [INFORMATION] Successfully opened USB device.
2025-09-06 07:23:49 [INFORMATION] GetScannerStatus: CONNECTED
2025-09-06 07:23:49 [INFORMATION] IsScannerConnected: Attempting to find USB device with Vendor ID: 0x28E9 and Product ID: 0x3DA...
2025-09-06 07:23:49 [INFORMATION] Device found. Attempting to open device...
2025-09-06 07:23:49 [INFORMATION] Successfully opened USB device.
2025-09-06 07:23:49 [INFORMATION] Enter UsbDeviceInfo
2025-09-06 07:23:49 [INFORMATION] Debug Window Initialized.
2025-09-06 07:24:03 [INFORMATION] Sending shutdown signal to barcode reader thread 1.
2025-09-06 07:24:03 [INFORMATION] Barcode reader thread 1 has gracefully shut down.
2025-09-06 07:24:03 [INFORMATION] === MovieFinder Program.cs: Main completed successfully ===
2025-09-06 07:26:25 [INFORMATION] === MovieFinder Program.cs: Main starting ===
2025-09-06 07:26:25 [INFORMATION] Starting application
2025-09-06 07:26:25 [INFORMATION] IsScannerConnected: Attempting to find USB device with Vendor ID: 0x28E9 and Product ID: 0x3DA...
2025-09-06 07:26:26 [INFORMATION] Device found. Attempting to open device...
2025-09-06 07:26:26 [INFORMATION] Successfully opened USB device.
2025-09-06 07:26:26 [INFORMATION] GetScannerStatus: CONNECTED
2025-09-06 07:26:26 [INFORMATION] Looking for device: CONNECTED
2025-09-06 07:26:26 [INFORMATION] IsScannerConnected: Attempting to find USB device with Vendor ID: 0x28E9 and Product ID: 0x3DA...
2025-09-06 07:26:26 [INFORMATION] Device found. Attempting to open device...
2025-09-06 07:26:26 [INFORMATION] Successfully opened USB device.
2025-09-06 07:26:26 [INFORMATION] Enter UsbDeviceInfo
2025-09-06 07:26:27 [INFORMATION] FOUND - SN: V1.0-9c6d
2025-09-06 07:26:27 [INFORMATION] Attempting to start barcode reading...
2025-09-06 07:26:27 [INFORMATION] Started listening for barcodes on thread 1.
2025-09-06 07:26:27 [INFORMATION] Entering ReadBarcodesLoop.
2025-09-06 07:26:27 [INFORMATION] Attempting to open endpoint reader...
2025-09-06 07:26:27 [INFORMATION] Endpoint reader opened successfully.
2025-09-06 07:26:27 [INFORMATION] Barcode reading loop started.
2025-09-06 07:26:27 [INFORMATION] Attempting to read from USB device...
2025-09-06 07:26:27 [INFORMATION] USB Read Error: MonoApiError
2025-09-06 07:26:27 [INFORMATION] Exiting barcode reading loop due to error.
2025-09-06 07:26:27 [INFORMATION] Barcode reading loop stopped.
2025-09-06 07:26:47 [INFORMATION] IsScannerConnected: Attempting to find USB device with Vendor ID: 0x28E9 and Product ID: 0x3DA...
2025-09-06 07:26:48 [INFORMATION] Device found. Attempting to open device...
2025-09-06 07:26:48 [INFORMATION] Successfully opened USB device.
2025-09-06 07:26:48 [INFORMATION] GetScannerStatus: CONNECTED
2025-09-06 07:26:48 [INFORMATION] IsScannerConnected: Attempting to find USB device with Vendor ID: 0x28E9 and Product ID: 0x3DA...
2025-09-06 07:26:49 [INFORMATION] Device found. Attempting to open device...
2025-09-06 07:26:49 [INFORMATION] Successfully opened USB device.
2025-09-06 07:26:49 [INFORMATION] Enter UsbDeviceInfo
2025-09-06 07:26:49 [INFORMATION] Debug Window Initialized.
2025-09-06 07:26:59 [INFORMATION] IsScannerConnected: Attempting to find USB device with Vendor ID: 0x28E9 and Product ID: 0x3DA...
2025-09-06 07:27:00 [INFORMATION] Device found. Attempting to open device...
2025-09-06 07:27:00 [INFORMATION] Successfully opened USB device.
2025-09-06 07:27:00 [INFORMATION] GetScannerStatus: CONNECTED
2025-09-06 07:27:00 [INFORMATION] IsScannerConnected: Attempting to find USB device with Vendor ID: 0x28E9 and Product ID: 0x3DA...
2025-09-06 07:27:00 [INFORMATION] Device found. Attempting to open device...
2025-09-06 07:27:00 [INFORMATION] Successfully opened USB device.
2025-09-06 07:27:00 [INFORMATION] Enter UsbDeviceInfo
2025-09-06 07:27:01 [INFORMATION] IsScannerConnected: Attempting to find USB device with Vendor ID: 0x28E9 and Product ID: 0x3DA...
2025-09-06 07:27:02 [INFORMATION] Device found. Attempting to open device...
2025-09-06 07:27:02 [INFORMATION] Successfully opened USB device.
2025-09-06 07:27:02 [INFORMATION] GetScannerStatus: CONNECTED
2025-09-06 07:27:02 [INFORMATION] IsScannerConnected: Attempting to find USB device with Vendor ID: 0x28E9 and Product ID: 0x3DA...
2025-09-06 07:27:02 [INFORMATION] Device found. Attempting to open device...
2025-09-06 07:27:02 [INFORMATION] Successfully opened USB device.
2025-09-06 07:27:02 [INFORMATION] Enter UsbDeviceInfo
2025-09-06 07:27:04 [INFORMATION] IsScannerConnected: Attempting to find USB device with Vendor ID: 0x28E9 and Product ID: 0x3DA...
2025-09-06 07:27:04 [INFORMATION] Device found. Attempting to open device...
2025-09-06 07:27:04 [INFORMATION] Successfully opened USB device.
2025-09-06 07:27:04 [INFORMATION] GetScannerStatus: CONNECTED
2025-09-06 07:27:04 [INFORMATION] IsScannerConnected: Attempting to find USB device with Vendor ID: 0x28E9 and Product ID: 0x3DA...
2025-09-06 07:27:05 [INFORMATION] Device found. Attempting to open device...
2025-09-06 07:27:05 [INFORMATION] Successfully opened USB device.
2025-09-06 07:27:05 [INFORMATION] Enter UsbDeviceInfo
